[18:09:30] [ServerMain/INFO]: [bootstrap] Running Java 21 (OpenJDK 64-Bit Server VM 21.0.6+7-Ubuntu-120.04.1; Ubuntu null) on Linux 6.8.0-1021-azure (amd64)
[18:09:30] [ServerMain/INFO]: [bootstrap] Loading Paper 1.21-130-master@b1b5d4c (2024-08-10T10:02:42Z) for Minecraft 1.21
[18:09:30] [ServerMain/INFO]: [PluginInitializerManager] Initializing plugins...
[18:09:30] [ServerMain/INFO]: [PluginInitializerManager] Initialized 0 plugins
[18:09:31] [Paper Plugin Remapper Thread - 1/INFO]: [ReobfServer] Remapping server...
[18:09:36] [ServerMain/INFO]: Environment: Environment[sessionHost=https://sessionserver.mojang.com, servicesHost=https://api.minecraftservices.com, name=PROD]
[18:09:37] [ServerMain/INFO]: Found new data pack file/bukkit, loading it automatically
[18:09:37] [ServerMain/INFO]: Found new data pack paper, loading it automatically
[18:09:38] [ServerMain/INFO]: No existing world data, creating new world
[18:09:39] [ServerMain/INFO]: Loaded 1290 recipes
[18:09:40] [Paper Plugin Remapper Thread - 1/INFO]: [ReobfServer] Done remapping server in 8956ms.
[18:09:40] [ServerMain/INFO]: Loaded 1399 advancements
[18:09:40] [Server thread/INFO]: Starting minecraft server version 1.21
[18:09:40] [Server thread/INFO]: Loading properties
[18:09:40] [Server thread/INFO]: This server is running Paper version 1.21-130-master@b1b5d4c (2024-08-10T10:02:42Z) (Implementing API version 1.21-R0.1-SNAPSHOT)
[18:09:41] [Server thread/INFO]: [spark] This server bundles the spark profiler. For more information please visit https://docs.papermc.io/paper/profiling
[18:09:41] [Server thread/INFO]: Server Ping Player Sample Count: 12
[18:09:41] [Server thread/INFO]: Using 4 threads for Netty based IO
[18:09:42] [Server thread/INFO]: [ChunkTaskScheduler] Chunk system is using 1 I/O threads, 1 worker threads, and population gen parallelism of 1 threads
[18:09:42] [Server thread/INFO]: Default game type: SURVIVAL
[18:09:42] [Server thread/INFO]: Generating keypair
[18:09:42] [Server thread/INFO]: Starting Minecraft server on *:25565
[18:09:42] [Server thread/INFO]: Using epoll channel type
[18:09:42] [Server thread/INFO]: Paper: Using libdeflate (Linux x86_64) compression from Velocity.
[18:09:42] [Server thread/INFO]: Paper: Using OpenSSL 1.1.x (Linux x86_64) cipher from Velocity.
[18:09:42] [Server thread/WARN]: **** SERVER IS RUNNING IN OFFLINE/INSECURE MODE!
[18:09:42] [Server thread/WARN]: The server will make no attempt to authenticate usernames. Beware.
[18:09:42] [Server thread/WARN]: While this makes the game possible to play without internet access, it also opens up the ability for hackers to connect with any username they choose.
[18:09:42] [Server thread/WARN]: To change this, set "online-mode" to "true" in the server.properties file.
[18:09:42] [Server thread/INFO]: Preparing level "world"
[18:09:52] [Server thread/INFO]: Preparing start region for dimension minecraft:overworld
[18:09:58] [Server thread/INFO]: Time elapsed: 5801 ms
[18:09:58] [Server thread/INFO]: Preparing start region for dimension minecraft:the_nether
[18:10:00] [Server thread/INFO]: Time elapsed: 2220 ms
[18:10:00] [Server thread/INFO]: Preparing start region for dimension minecraft:the_end
[18:10:01] [Server thread/INFO]: Time elapsed: 495 ms
[18:10:01] [Server thread/INFO]: [spark] Starting background profiler...
[18:10:01] [Server thread/INFO]: Done preparing level "world" (19.001s)
[18:10:01] [Server thread/INFO]: Running delayed init tasks
[18:10:01] [Server thread/INFO]: Done (31.587s)! For help, type "help"
[18:10:01] [Server thread/INFO]: *************************************************************************************
[18:10:01] [Server thread/INFO]: This is the first time you're starting this server.
[18:10:01] [Server thread/INFO]: It's recommended you read our 'Getting Started' documentation for guidance.
[18:10:01] [Server thread/INFO]: View this and more helpful information here: https://docs.papermc.io/paper/next-steps
[18:10:01] [Server thread/INFO]: *************************************************************************************
[18:10:01] [Server thread/INFO]: Timings Reset
[18:10:25] [User Authenticator #0/INFO]: UUID of player Argonsito_Pro is be506a91-3530-391a-9e1c-7ae1d3c50924
[18:10:28] [Server thread/INFO]: Argonsito_Pro joined the game
[18:10:28] [Server thread/INFO]: Argonsito_Pro[/127.40.201.244:52997] logged in with entity id 87 at ([world]-14.5, 83.0, 58.5)
[18:11:23] [Server thread/INFO]: Argonsito_Pro issued server command: /
[18:13:38] [User Authenticator #1/INFO]: UUID of player Javar09 is 47faf249-8a81-383f-97b1-ae524c46345a
[18:13:42] [Server thread/INFO]: Javar09 joined the game
[18:13:42] [Server thread/INFO]: Javar09[/127.62.228.249:42337] logged in with entity id 891 at ([world]-18.5, 81.0, 72.5)
[18:14:28] [Server thread/INFO]: Argonsito_Pro lost connection: Disconnected
[18:14:28] [Server thread/INFO]: Argonsito_Pro left the game
[18:14:35] [Server thread/INFO]: Javar09 lost connection: Disconnected
[18:14:35] [Server thread/INFO]: Javar09 left the game
[18:14:40] [Server thread/INFO]: Stopping the server
[18:14:40] [Server thread/INFO]: Stopping server
[18:14:40] [Server thread/INFO]: Saving players
[18:14:40] [Server thread/INFO]: Saving worlds
[18:14:40] [Server thread/INFO]: Saving chunks for level 'ServerLevel[world]'/minecraft:overworld
[18:14:40] [Server thread/INFO]: [ChunkHolderManager] Waiting 60s for chunk system to halt for world 'world'
[18:14:40] [Server thread/INFO]: [ChunkHolderManager] Halted chunk system for world 'world'
[18:14:40] [Server thread/INFO]: [ChunkHolderManager] Saving all chunkholders for world 'world'
[18:14:42] [Server thread/INFO]: [ChunkHolderManager] Saved 2185 block chunks, 727 entity chunks, 15 poi chunks in world 'world' in 2.32s
[18:14:42] [Server thread/INFO]: Saving chunks for level 'ServerLevel[world_nether]'/minecraft:the_nether
[18:14:42] [Server thread/INFO]: [ChunkHolderManager] Waiting 60s for chunk system to halt for world 'world_nether'
[18:14:42] [Server thread/INFO]: [ChunkHolderManager] Halted chunk system for world 'world_nether'
[18:14:42] [Server thread/INFO]: [ChunkHolderManager] Saving all chunkholders for world 'world_nether'
[18:14:43] [Server thread/INFO]: [ChunkHolderManager] Saved 841 block chunks, 49 entity chunks, 0 poi chunks in world 'world_nether' in 0.35s
[18:14:43] [Server thread/INFO]: Saving chunks for level 'ServerLevel[world_the_end]'/minecraft:the_end
[18:14:43] [Server thread/INFO]: [ChunkHolderManager] Waiting 60s for chunk system to halt for world 'world_the_end'
[18:14:43] [Server thread/INFO]: [ChunkHolderManager] Halted chunk system for world 'world_the_end'
[18:14:43] [Server thread/INFO]: [ChunkHolderManager] Saving all chunkholders for world 'world_the_end'
[18:14:43] [Server thread/INFO]: [ChunkHolderManager] Saved 841 block chunks, 49 entity chunks, 0 poi chunks in world 'world_the_end' in 0.25s
[18:14:43] [Server thread/INFO]: ThreadedAnvilChunkStorage (world): All chunks are saved
[18:14:43] [Server thread/INFO]: ThreadedAnvilChunkStorage (DIM-1): All chunks are saved
[18:14:43] [Server thread/INFO]: ThreadedAnvilChunkStorage (DIM1): All chunks are saved
[18:14:43] [Server thread/INFO]: ThreadedAnvilChunkStorage: All dimensions are saved
